[0m
[0m [0m [0m [0m [0m [0m [0m [0m [0m [0m [0m [0m [0m [0m [0m [0m [0m [0m [0m [0m [0m [0m [0m [0m [0m [0m [0m [0m [0m [0m [0m [0m [0m [0m [0m [0m [0m [0m [0m [0m [0m [0m [0m [0m [0m [0m [0m [0m [0m [0m [0m [0m [0m [0m [0m [0m [0m [0m [0m [48;5;255m [48;5;255m [0m [0m [0m [0m [0m [0m [0m [0m [0m [0m [0m [0m
[0m [0m [0m [0m [0m [0m [0m [0m [0m [0m [0m [0m [0m [0m [0m [0m [0m [0m [0m [0m [0m [0m [0m [0m [0m [0m [0m [0m [0m [0m [0m [0m [0m [0m [0m [0m [0m [0m [0m [0m [0m [0m [0m [0m [0m [0m [0m [0m [0m [0m [0m [0m [0m [0m [0m [0m [0m [0m [0m [48;5;255m [48;5;255m [0m [0m [0m [0m [0m [0m [0m [0m [0m [0m [0m [0m
[0m [0m [0m [0m [0m [0m [0m [0m [0m [0m [0m [0m [0m [0m [0m [0m [0m [0m [0m [0m [0m [0m [0m [0m [0m [0m [0m [0m [0m [0m [0m [0m [0m [0m [0m [0m [0m [0m [0m [0m [0m [0m [0m [0m [0m [0m [0m [0m [0m [0m [0m [0m [0m [0m [0m [0m [0m [0m [0m [48;5;255m [48;5;255m [0m [0m [0m [0m [0m [0m [0m [0m [0m [0m [0m [0m
[48;5;255m [48;5;255m [48;5;255m [48;5;255m [48;5;255m [48;5;255m [48;5;255m [0m [0m [48;5;255m [48;5;255m [48;5;255m [48;5;255m [48;5;255m [48;5;255m [48;5;255m [48;5;255m [0m [0m [48;5;255m [48;5;255m [48;5;255m [48;5;255m [48;5;255m [48;5;255m [48;5;255m [48;5;255m [48;5;255m [48;5;255m [48;5;255m [48;5;255m [0m [0m [48;5;255m [48;5;255m [48;5;255m [48;5;255m [48;5;255m [48;5;255m [48;5;255m [48;5;255m [0m [0m [48;5;255m [48;5;255m [48;5;255m [48;5;255m [48;5;255m [48;5;255m [48;5;255m [48;5;255m [0m [0m [48;5;255m [48;5;255m [48;5;255m [48;5;255m [48;5;255m [48;5;255m [48;5;255m [48;5;255m [0m [0m [48;5;255m [48;5;255m [48;5;255m [48;5;255m [48;5;255m [48;5;255m [48;5;255m [48;5;255m [0m [0m [48;5;255m [48;5;255m [48;5;255m [48;5;255m [48;5;255m [48;5;255m [48;5;255m [48;5;255m [0m
[48;5;255m [48;5;255m [0m [0m [0m [0m [0m [0m [0m [48;5;255m [48;5;255m [0m [0m [0m [0m [48;5;255m [48;5;255m [0m [0m [48;5;255m [48;5;255m [0m [0m [0m [48;5;255m [48;5;255m [0m [0m [0m [48;5;255m [48;5;255m [0m [0m [48;5;255m [48;5;255m [0m [0m [0m [0m [48;5;255m [48;5;255m [0m [0m [48;5;255m [48;5;255m [0m [0m [0m [0m [48;5;255m [48;5;255m [0m [0m [48;5;255m [48;5;255m [0m [0m [0m [0m [48;5;255m [48;5;255m [0m [0m [48;5;255m [48;5;255m [0m [0m [0m [0m [48;5;255m [48;5;255m [0m [0m [48;5;255m [48;5;255m [0m
[48;5;255m [48;5;255m [0m [0m [0m [0m [0m [0m [0m [48;5;255m [48;5;255m [0m [0m [0m [0m [48;5;255m [48;5;255m [0m [0m [48;5;255m [48;5;255m [0m [0m [0m [48;5;255m [48;5;255m [0m [0m [0m [48;5;255m [48;5;255m [0m [0m [48;5;255m [48;5;255m [0m [0m [0m [0m [48;5;255m [48;5;255m [0m [0m [48;5;255m [48;5;255m [0m [0m [0m [0m [48;5;255m [48;5;255m [0m [0m [48;5;255m [48;5;255m [0m [0m [0m [0m [48;5;255m [48;5;255m [0m [0m [48;5;255m [48;5;255m [0m [0m [0m [0m [48;5;255m [48;5;255m [0m [0m [48;5;255m [48;5;255m [0m
[48;5;255m [48;5;255m [0m [0m [0m [0m [0m [0m [0m [48;5;255m [48;5;255m [0m [0m [0m [0m [48;5;255m [48;5;255m [0m [0m [48;5;255m [48;5;255m [0m [0m [0m [48;5;255m [48;5;255m [0m [0m [0m [48;5;255m [48;5;255m [0m [0m [48;5;255m [48;5;255m [0m [0m [0m [0m [48;5;255m [48;5;255m [0m [0m [48;5;255m [48;5;255m [0m [0m [0m [0m [48;5;255m [48;5;255m [0m [0m [48;5;255m [48;5;255m [0m [0m [0m [0m [48;5;255m [48;5;255m [0m [0m [48;5;255m [48;5;255m [0m [0m [0m [0m [48;5;255m [48;5;255m [0m [0m [48;5;255m [48;5;255m [0m
[48;5;255m [48;5;255m [48;5;255m [48;5;255m [48;5;255m [48;5;255m [48;5;255m [0m [0m [48;5;255m [48;5;255m [48;5;255m [48;5;255m [48;5;255m [48;5;255m [48;5;255m [48;5;255m [0m [0m [48;5;255m [48;5;255m [0m [0m [0m [48;5;255m [48;5;255m [0m [0m [0m [48;5;255m [48;5;255m [0m [0m [48;5;255m [48;5;255m [48;5;255m [48;5;255m [48;5;255m [48;5;255m [48;5;255m [48;5;255m [0m [0m [48;5;255m [48;5;255m [48;5;255m [48;5;255m [48;5;255m [48;5;255m [48;5;255m [48;5;255m [0m [0m [48;5;255m [48;5;255m [48;5;255m [48;5;255m [48;5;255m [48;5;255m [48;5;255m [48;5;255m [0m [0m [48;5;255m [48;5;255m [48;5;255m [48;5;255m [48;5;255m [48;5;255m [48;5;255m [48;5;255m [0m [0m [48;5;255m [48;5;255m [48;5;255m [48;5;255m [48;5;255m [48;5;255m [48;5;255m [48;5;255m [0m
[0m [0m [0m [0m [0m [0m [0m [0m [0m [0m [0m [0m [0m [0m [0m [0m [0m [0m [0m [0m [0m [0m [0m [0m [0m [0m [0m [0m [0m [0m [0m [0m [0m [48;5;255m [48;5;255m [0m [0m [0m [0m [0m [0m [0m [0m [0m [0m [0m [0m
[0m [0m [0m [0m [0m [0m [0m [0m [0m [0m [0m [0m [0m [0m [0m [0m [0m [0m [0m [0m [0m [0m [0m [0m [0m [0m [0m [0m [0m [0m [0m [0m [0m [48;5;255m [48;5;255m [0m [0m [0m [0m [0m [0m [0m [0m [0m [0m [0m [0m
[0m [0m [0m [0m [0m [0m [0m [0m [0m [0m [0m [0m [0m [0m [0m [0m [0m [0m [0m [0m [0m [0m [0m [0m [0m [0m [0m [0m [0m [0m [0m [0m [0m [48;5;255m [48;5;255m [0m [0m [0m [0m [0m [0m [0m [0m [0m [0m [0m [0m

1.1.15

TypeScript version used by Compodoc : 4.4.2

TypeScript version of current project : 4.3.5

Node.js version : v16.10.0

Operating system : Windows 10

[[90m14:34:16[39m] No configuration file found, switching to CLI flags.
[[90m14:34:16[39m] Using tsconfig file : C:\Users\DISKAEMM\IdeaProjects\widget-moinitor\widget-monitor\tsconfig.json
[[90m14:34:16[39m] Including      : C:\Users\DISKAEMM\IdeaProjects\widget-moinitor\widget-monitor\.browserslistrc
[[90m14:34:16[39m] Including      : C:\Users\DISKAEMM\IdeaProjects\widget-moinitor\widget-monitor\.editorconfig
[[90m14:34:16[39m] Including      : C:\Users\DISKAEMM\IdeaProjects\widget-moinitor\widget-monitor\angular.json
[[90m14:34:16[39m] Including      : C:\Users\DISKAEMM\IdeaProjects\widget-moinitor\widget-monitor\.gitignore
[[90m14:34:16[39m] Including      : C:\Users\DISKAEMM\IdeaProjects\widget-moinitor\widget-monitor\build-storybook.log
[[90m14:34:16[39m] Including      : C:\Users\DISKAEMM\IdeaProjects\widget-moinitor\widget-monitor\documentation.json
[[90m14:34:16[39m] Including      : C:\Users\DISKAEMM\IdeaProjects\widget-moinitor\widget-monitor\karma.conf.js
[[90m14:34:16[39m] Including      : C:\Users\DISKAEMM\IdeaProjects\widget-moinitor\widget-monitor\package.json
[[90m14:34:16[39m] Including      : C:\Users\DISKAEMM\IdeaProjects\widget-moinitor\widget-monitor\package-lock.json
[[90m14:34:16[39m] Including      : C:\Users\DISKAEMM\IdeaProjects\widget-moinitor\widget-monitor\README.md
[[90m14:34:16[39m] Including      : C:\Users\DISKAEMM\IdeaProjects\widget-moinitor\widget-monitor\tsconfig.app.json
[[90m14:34:16[39m] Including      : C:\Users\DISKAEMM\IdeaProjects\widget-moinitor\widget-monitor\tsconfig.json
[[90m14:34:16[39m] Including      : C:\Users\DISKAEMM\IdeaProjects\widget-moinitor\widget-monitor\tsconfig.spec.json
[[90m14:34:16[39m] Including      : C:\Users\DISKAEMM\IdeaProjects\widget-moinitor\widget-monitor\.storybook\main.js
[[90m14:34:16[39m] Including      : C:\Users\DISKAEMM\IdeaProjects\widget-moinitor\widget-monitor\.storybook\preview.js
[[90m14:34:16[39m] Ignoring       : C:\Users\DISKAEMM\IdeaProjects\widget-moinitor\widget-monitor\.storybook\typings.d.ts
[[90m14:34:16[39m] Including      : C:\Users\DISKAEMM\IdeaProjects\widget-moinitor\widget-monitor\.storybook\tsconfig.json
[[90m14:34:16[39m] Including      : C:\Users\DISKAEMM\IdeaProjects\widget-moinitor\widget-monitor\dist\widget-monitor.zip
[[90m14:34:16[39m] Including      : C:\Users\DISKAEMM\IdeaProjects\widget-moinitor\widget-monitor\src\favicon.ico
[[90m14:34:16[39m] Including      : C:\Users\DISKAEMM\IdeaProjects\widget-moinitor\widget-monitor\src\index.html
[[90m14:34:16[39m] Including      : C:\Users\DISKAEMM\IdeaProjects\widget-moinitor\widget-monitor\src\main.ts
[[90m14:34:16[39m] Including      : C:\Users\DISKAEMM\IdeaProjects\widget-moinitor\widget-monitor\src\polyfills.ts
[[90m14:34:16[39m] Including      : C:\Users\DISKAEMM\IdeaProjects\widget-moinitor\widget-monitor\src\styles.scss
[[90m14:34:16[39m] Including      : C:\Users\DISKAEMM\IdeaProjects\widget-moinitor\widget-monitor\src\test.ts
[[90m14:34:16[39m] Including      : C:\Users\DISKAEMM\IdeaProjects\widget-moinitor\widget-monitor\dist\widget-monitor\3rdpartylicenses.txt
[[90m14:34:16[39m] Including      : C:\Users\DISKAEMM\IdeaProjects\widget-moinitor\widget-monitor\dist\widget-monitor\favicon.ico
[[90m14:34:16[39m] Including      : C:\Users\DISKAEMM\IdeaProjects\widget-moinitor\widget-monitor\dist\widget-monitor\index.html
[[90m14:34:16[39m] Including      : C:\Users\DISKAEMM\IdeaProjects\widget-moinitor\widget-monitor\dist\widget-monitor\main.c3f2b11b03718c2b6105.js
[[90m14:34:16[39m] Including      : C:\Users\DISKAEMM\IdeaProjects\widget-moinitor\widget-monitor\dist\widget-monitor\polyfills.ec1f0a1eaf0ce99d651c.js
[[90m14:34:16[39m] Including      : C:\Users\DISKAEMM\IdeaProjects\widget-moinitor\widget-monitor\dist\widget-monitor\runtime.35c8b3a134bcce57601f.js
[[90m14:34:16[39m] Including      : C:\Users\DISKAEMM\IdeaProjects\widget-moinitor\widget-monitor\dist\widget-monitor\styles.9276688c8294e3b75f4a.css
[[90m14:34:16[39m] Including      : C:\Users\DISKAEMM\IdeaProjects\widget-moinitor\widget-monitor\src\app\app-config.ts
[[90m14:34:16[39m] Including      : C:\Users\DISKAEMM\IdeaProjects\widget-moinitor\widget-monitor\src\app\app-routing.module.ts
[[90m14:34:16[39m] Including      : C:\Users\DISKAEMM\IdeaProjects\widget-moinitor\widget-monitor\src\app\app.component.html
[[90m14:34:16[39m] Including      : C:\Users\DISKAEMM\IdeaProjects\widget-moinitor\widget-monitor\src\app\app.component.scss
[[90m14:34:16[39m] Including      : C:\Users\DISKAEMM\IdeaProjects\widget-moinitor\widget-monitor\src\app\app.component.ts
[[90m14:34:16[39m] Including      : C:\Users\DISKAEMM\IdeaProjects\widget-moinitor\widget-monitor\src\app\app.module.ts
[[90m14:34:16[39m] Including      : C:\Users\DISKAEMM\IdeaProjects\widget-moinitor\widget-monitor\src\app\widget-config.model.ts
[[90m14:34:16[39m] Including      : C:\Users\DISKAEMM\IdeaProjects\widget-moinitor\widget-monitor\src\assets\.gitkeep
[[90m14:34:16[39m] Including      : C:\Users\DISKAEMM\IdeaProjects\widget-moinitor\widget-monitor\src\assets\widget-config.json
[[90m14:34:16[39m] Including      : C:\Users\DISKAEMM\IdeaProjects\widget-moinitor\widget-monitor\src\environments\environment.default.prod.ts
[[90m14:34:16[39m] Including      : C:\Users\DISKAEMM\IdeaProjects\widget-moinitor\widget-monitor\src\environments\environment.default.ts
[[90m14:34:16[39m] Including      : C:\Users\DISKAEMM\IdeaProjects\widget-moinitor\widget-monitor\src\environments\environment.prod.ts
[[90m14:34:16[39m] Including      : C:\Users\DISKAEMM\IdeaProjects\widget-moinitor\widget-monitor\src\environments\environment.ts
[[90m14:34:16[39m] Including      : C:\Users\DISKAEMM\IdeaProjects\widget-moinitor\widget-monitor\src\stories\button.component.ts
[[90m14:34:16[39m] Including      : C:\Users\DISKAEMM\IdeaProjects\widget-moinitor\widget-monitor\src\stories\button.css
[[90m14:34:16[39m] Including      : C:\Users\DISKAEMM\IdeaProjects\widget-moinitor\widget-monitor\src\stories\Button.stories.ts
[[90m14:34:16[39m] Including      : C:\Users\DISKAEMM\IdeaProjects\widget-moinitor\widget-monitor\src\stories\Clock.stories.ts
[[90m14:34:16[39m] Including      : C:\Users\DISKAEMM\IdeaProjects\widget-moinitor\widget-monitor\src\stories\header.component.ts
[[90m14:34:16[39m] Including      : C:\Users\DISKAEMM\IdeaProjects\widget-moinitor\widget-monitor\src\stories\header.css
[[90m14:34:16[39m] Including      : C:\Users\DISKAEMM\IdeaProjects\widget-moinitor\widget-monitor\src\stories\Header.stories.ts
[[90m14:34:16[39m] Including      : C:\Users\DISKAEMM\IdeaProjects\widget-moinitor\widget-monitor\src\stories\Introduction.stories.mdx
[[90m14:34:16[39m] Including      : C:\Users\DISKAEMM\IdeaProjects\widget-moinitor\widget-monitor\src\stories\page.component.ts
[[90m14:34:16[39m] Including      : C:\Users\DISKAEMM\IdeaProjects\widget-moinitor\widget-monitor\src\stories\page.css
[[90m14:34:16[39m] Including      : C:\Users\DISKAEMM\IdeaProjects\widget-moinitor\widget-monitor\src\stories\Page.stories.ts
[[90m14:34:16[39m] Including      : C:\Users\DISKAEMM\IdeaProjects\widget-moinitor\widget-monitor\src\style\_variable.scss
[[90m14:34:16[39m] Including      : C:\Users\DISKAEMM\IdeaProjects\widget-moinitor\widget-monitor\src\stories\assets\code-brackets.svg
[[90m14:34:16[39m] Including      : C:\Users\DISKAEMM\IdeaProjects\widget-moinitor\widget-monitor\src\stories\assets\colors.svg
[[90m14:34:16[39m] Including      : C:\Users\DISKAEMM\IdeaProjects\widget-moinitor\widget-monitor\src\stories\assets\comments.svg
[[90m14:34:16[39m] Including      : C:\Users\DISKAEMM\IdeaProjects\widget-moinitor\widget-monitor\src\stories\assets\direction.svg
[[90m14:34:16[39m] Including      : C:\Users\DISKAEMM\IdeaProjects\widget-moinitor\widget-monitor\src\stories\assets\flow.svg
[[90m14:34:16[39m] Including      : C:\Users\DISKAEMM\IdeaProjects\widget-moinitor\widget-monitor\src\stories\assets\plugin.svg
[[90m14:34:16[39m] Including      : C:\Users\DISKAEMM\IdeaProjects\widget-moinitor\widget-monitor\src\stories\assets\stackalt.svg
[[90m14:34:16[39m] Including      : C:\Users\DISKAEMM\IdeaProjects\widget-moinitor\widget-monitor\src\stories\assets\repo.svg
[[90m14:34:16[39m] Including      : C:\Users\DISKAEMM\IdeaProjects\widget-moinitor\widget-monitor\dist\widget-monitor\assets\widget-config.json
[[90m14:34:16[39m] Including      : C:\Users\DISKAEMM\IdeaProjects\widget-moinitor\widget-monitor\src\app\widgets\clock\clock.component.html
[[90m14:34:16[39m] Including      : C:\Users\DISKAEMM\IdeaProjects\widget-moinitor\widget-monitor\src\app\widgets\clock\clock.component.scss
[[90m14:34:16[39m] Including      : C:\Users\DISKAEMM\IdeaProjects\widget-moinitor\widget-monitor\src\app\widgets\clock\clock.component.ts
[[90m14:34:16[39m] Including      : C:\Users\DISKAEMM\IdeaProjects\widget-moinitor\widget-monitor\src\app\widgets\stock\stock.component.html
[[90m14:34:16[39m] Including      : C:\Users\DISKAEMM\IdeaProjects\widget-moinitor\widget-monitor\src\app\widgets\stock\stock.component.scss
[[90m14:34:16[39m] Including      : C:\Users\DISKAEMM\IdeaProjects\widget-moinitor\widget-monitor\src\app\widgets\stock\stock.component.ts
[[90m14:34:16[39m] Including      : C:\Users\DISKAEMM\IdeaProjects\widget-moinitor\widget-monitor\src\app\widgets\tram\tram.component.html
[[90m14:34:16[39m] Including      : C:\Users\DISKAEMM\IdeaProjects\widget-moinitor\widget-monitor\src\app\widgets\tram\tram.component.ts
[[90m14:34:16[39m] Including      : C:\Users\DISKAEMM\IdeaProjects\widget-moinitor\widget-monitor\src\app\widgets\tram\tram.component.scss
[[90m14:34:16[39m] Including      : C:\Users\DISKAEMM\IdeaProjects\widget-moinitor\widget-monitor\src\app\widgets\weather\weather.component.html
[[90m14:34:16[39m] Including      : C:\Users\DISKAEMM\IdeaProjects\widget-moinitor\widget-monitor\src\app\widgets\weather\weather.component.scss
[[90m14:34:16[39m] Including      : C:\Users\DISKAEMM\IdeaProjects\widget-moinitor\widget-monitor\src\app\widgets\weather\weather.component.ts
[[90m14:34:16[39m] Including      : C:\Users\DISKAEMM\IdeaProjects\widget-moinitor\widget-monitor\src\app\widgets\stock\service\stock.service.ts
[[90m14:34:16[39m] Including      : C:\Users\DISKAEMM\IdeaProjects\widget-moinitor\widget-monitor\src\app\widgets\tram\interfaces\dvb.ts
[[90m14:34:16[39m] Including      : C:\Users\DISKAEMM\IdeaProjects\widget-moinitor\widget-monitor\src\app\widgets\weather\services\weather.service.ts
[[90m14:34:16[39m] Searching package.json file
[[90m14:34:16[39m] package.json file found
[[90m14:34:16[39m] Processing package.json dependencies
[[90m14:34:16[39m] Searching README.md, CHANGELOG.md, CONTRIBUTING.md, LICENSE.md, TODO.md files
[[90m14:34:16[39m] README.md file found
[[90m14:34:16[39m] Error during C:\Users\DISKAEMM\IdeaProjects\widget-moinitor\widget-monitor\CHANGELOG read
[[90m14:34:16[39m] Continuing without CHANGELOG.md file
[[90m14:34:16[39m] Error during C:\Users\DISKAEMM\IdeaProjects\widget-moinitor\widget-monitor\CONTRIBUTING read
[[90m14:34:16[39m] Continuing without CONTRIBUTING.md file
[[90m14:34:16[39m] Error during C:\Users\DISKAEMM\IdeaProjects\widget-moinitor\widget-monitor\LICENSE read
[[90m14:34:16[39m] Continuing without LICENSE.md file
[[90m14:34:16[39m] Error during C:\Users\DISKAEMM\IdeaProjects\widget-moinitor\widget-monitor\TODO read
[[90m14:34:16[39m] Continuing without TODO.md file
[[90m14:34:16[39m] Get dependencies data
[[90m14:34:17[39m] parsing        : C:/Users/DISKAEMM/IdeaProjects/widget-moinitor/widget-monitor/src/main.ts
[[90m14:34:17[39m] parsing        : C:/Users/DISKAEMM/IdeaProjects/widget-moinitor/widget-monitor/src/polyfills.ts
[[90m14:34:17[39m] parsing        : C:/Users/DISKAEMM/IdeaProjects/widget-moinitor/widget-monitor/src/test.ts
[[90m14:34:17[39m] found          : require
[[90m14:34:17[39m] found          : context
[[90m14:34:17[39m] parsing        : C:/Users/DISKAEMM/IdeaProjects/widget-moinitor/widget-monitor/src/app/app-config.ts
[[90m14:34:17[39m] found          : AppConfig
[[90m14:34:17[39m] parsing        : C:/Users/DISKAEMM/IdeaProjects/widget-moinitor/widget-monitor/src/app/app-routing.module.ts
[[90m14:34:17[39m] Analysing routes definitions and clean them if necessary
[[90m14:34:17[39m] found          : AppRoutingModule
[[90m14:34:17[39m]                : - imports:
[[90m14:34:17[39m]                : 	- RouterModule
[[90m14:34:17[39m]                : - exports:
[[90m14:34:17[39m]                : 	- RouterModule
[[90m14:34:17[39m] parsing        : C:/Users/DISKAEMM/IdeaProjects/widget-moinitor/widget-monitor/src/app/app.component.ts
[[90m14:34:17[39m] found          : AppComponent
[[90m14:34:17[39m] parsing        : C:/Users/DISKAEMM/IdeaProjects/widget-moinitor/widget-monitor/src/app/app.module.ts
[[90m14:34:17[39m] found          : initializeApp
[[90m14:34:17[39m] found          : AppModule
[[90m14:34:17[39m]                : - imports:
[[90m14:34:17[39m]                : 	- BrowserModule
[[90m14:34:17[39m]                : 	- AppRoutingModule
[[90m14:34:17[39m]                : 	- NgbModule
[[90m14:34:17[39m]                : 	- HttpClientModule
[[90m14:34:17[39m]                : 	- ChartsModule
[[90m14:34:17[39m]                : - declarations:
[[90m14:34:17[39m]                : 	- AppComponent
[[90m14:34:17[39m]                : 	- TramComponent
[[90m14:34:17[39m]                : 	- ClockComponent
[[90m14:34:17[39m]                : 	- StockComponent
[[90m14:34:17[39m]                : 	- WeatherComponent
[[90m14:34:17[39m]                : - providers:
[[90m14:34:17[39m]                : 	- AppConfig
[[90m14:34:17[39m]                : 	- { provide: APP_INITIALIZER, useFactory: initializeApp, deps: [AppConfig], multi: true }
[[90m14:34:17[39m]                : - bootstrap:
[[90m14:34:17[39m]                : 	- AppComponent
[[90m14:34:17[39m] parsing        : C:/Users/DISKAEMM/IdeaProjects/widget-moinitor/widget-monitor/src/app/widget-config.model.ts
[[90m14:34:17[39m] found          : WidgetConfig
[[90m14:34:17[39m] parsing        : C:/Users/DISKAEMM/IdeaProjects/widget-moinitor/widget-monitor/src/environments/environment.default.prod.ts
[[90m14:34:17[39m] found          : environment
[[90m14:34:17[39m] parsing        : C:/Users/DISKAEMM/IdeaProjects/widget-moinitor/widget-monitor/src/environments/environment.default.ts
[[90m14:34:17[39m] found          : environmentDefault
[[90m14:34:17[39m] parsing        : C:/Users/DISKAEMM/IdeaProjects/widget-moinitor/widget-monitor/src/environments/environment.prod.ts
[[90m14:34:17[39m] found          : environment
[[90m14:34:17[39m] parsing        : C:/Users/DISKAEMM/IdeaProjects/widget-moinitor/widget-monitor/src/environments/environment.ts
[[90m14:34:17[39m] found          : environment
[[90m14:34:17[39m] parsing        : C:/Users/DISKAEMM/IdeaProjects/widget-moinitor/widget-monitor/src/stories/button.component.ts
[[90m14:34:17[39m] found          : ButtonComponent
[[90m14:34:17[39m] parsing        : C:/Users/DISKAEMM/IdeaProjects/widget-moinitor/widget-monitor/src/stories/Button.stories.ts
[[90m14:34:17[39m] found          : Template
[[90m14:34:17[39m] found          : Primary
[[90m14:34:17[39m] found          : Secondary
[[90m14:34:17[39m] found          : Large
[[90m14:34:17[39m] found          : Small
[[90m14:34:17[39m] parsing        : C:/Users/DISKAEMM/IdeaProjects/widget-moinitor/widget-monitor/src/stories/Clock.stories.ts
[[90m14:34:17[39m] found          : Morning
[[90m14:34:17[39m] found          : Afternoon
[[90m14:34:17[39m] found          : Template
[[90m14:34:17[39m] found          : Running
[[90m14:34:17[39m] parsing        : C:/Users/DISKAEMM/IdeaProjects/widget-moinitor/widget-monitor/src/stories/header.component.ts
[[90m14:34:17[39m] found          : HeaderComponent
[[90m14:34:17[39m] parsing        : C:/Users/DISKAEMM/IdeaProjects/widget-moinitor/widget-monitor/src/stories/Header.stories.ts
[[90m14:34:17[39m] found          : Template
[[90m14:34:17[39m] found          : LoggedIn
[[90m14:34:17[39m] found          : LoggedOut
[[90m14:34:17[39m] parsing        : C:/Users/DISKAEMM/IdeaProjects/widget-moinitor/widget-monitor/src/stories/page.component.ts
[[90m14:34:17[39m] found          : PageComponent
[[90m14:34:17[39m] parsing        : C:/Users/DISKAEMM/IdeaProjects/widget-moinitor/widget-monitor/src/stories/Page.stories.ts
[[90m14:34:17[39m] found          : Template
[[90m14:34:17[39m] found          : LoggedIn
[[90m14:34:17[39m] found          : LoggedOut
[[90m14:34:17[39m] parsing        : C:/Users/DISKAEMM/IdeaProjects/widget-moinitor/widget-monitor/src/app/widgets/clock/clock.component.ts
[[90m14:34:17[39m] found          : ClockComponent
[[90m14:34:17[39m] parsing        : C:/Users/DISKAEMM/IdeaProjects/widget-moinitor/widget-monitor/src/app/widgets/stock/stock.component.ts
[[90m14:34:17[39m] found          : StockComponent
[[90m14:34:17[39m] parsing        : C:/Users/DISKAEMM/IdeaProjects/widget-moinitor/widget-monitor/src/app/widgets/tram/tram.component.ts
[[90m14:34:17[39m] found          : TramComponent
[[90m14:34:17[39m] parsing        : C:/Users/DISKAEMM/IdeaProjects/widget-moinitor/widget-monitor/src/app/widgets/weather/weather.component.ts
[[90m14:34:17[39m] found          : WeatherComponent
[[90m14:34:17[39m] parsing        : C:/Users/DISKAEMM/IdeaProjects/widget-moinitor/widget-monitor/src/app/widgets/stock/service/stock.service.ts
[[90m14:34:17[39m] found          : StockService
[[90m14:34:17[39m] parsing        : C:/Users/DISKAEMM/IdeaProjects/widget-moinitor/widget-monitor/src/app/widgets/tram/interfaces/dvb.ts
[[90m14:34:17[39m] found          : Stop
[[90m14:34:17[39m] found          : IMonitor
[[90m14:34:17[39m] found          : IPlatform
[[90m14:34:17[39m] found          : IMode
[[90m14:34:17[39m] found          : IDiva
[[90m14:34:17[39m] parsing        : C:/Users/DISKAEMM/IdeaProjects/widget-moinitor/widget-monitor/src/app/widgets/weather/services/weather.service.ts
[[90m14:34:17[39m] found          : WeatherService
[[90m14:34:17[39m] -------------------
[[90m14:34:17[39m] Project statistics 
[[90m14:34:17[39m] - files      : 79
[[90m14:34:17[39m] - module     : 2
[[90m14:34:17[39m] - component  : 8
[[90m14:34:17[39m] - injectable : 3
[[90m14:34:17[39m] - interface  : 6
[[90m14:34:17[39m] -------------------
[[90m14:34:17[39m] Prepare components
[[90m14:34:17[39m]  AppComponent has a templateUrl, include it
[[90m14:34:17[39m]  AppComponent has styleUrls, include them
[[90m14:34:17[39m]  ButtonComponent has styleUrls, include them
[[90m14:34:17[39m]  ClockComponent has a templateUrl, include it
[[90m14:34:17[39m]  ClockComponent has styleUrls, include them
[[90m14:34:17[39m]  HeaderComponent has styleUrls, include them
[[90m14:34:17[39m]  PageComponent has styleUrls, include them
[[90m14:34:17[39m]  StockComponent has a templateUrl, include it
[[90m14:34:17[39m]  StockComponent has styleUrls, include them
[[90m14:34:17[39m]  TramComponent has a templateUrl, include it
[[90m14:34:17[39m]  TramComponent has styleUrls, include them
[[90m14:34:17[39m]  WeatherComponent has a templateUrl, include it
[[90m14:34:17[39m]  WeatherComponent has styleUrls, include them
[[90m14:34:17[39m] Prepare modules
[[90m14:34:17[39m] Prepare injectables
[[90m14:34:17[39m] Process routes
[[90m14:34:17[39m] Prepare interfaces
[[90m14:34:17[39m] Prepare miscellaneous
[[90m14:34:17[39m] Process documentation coverage report
[[90m14:34:17[39m] Generating documentation in export format json
[[90m14:34:18[39m] Documentation generated in ./ in 2.177 seconds
info @storybook/angular v6.3.10
info 
info => Cleaning outputDir: C:\\Users\\DISKAEMM\\AppData\\Local\\Temp\\chromatic--10692-7x2kyuGIvfQm
info => Loading presets
info => Compiling preview..
info => Loading 1 config file in "C:\Users\DISKAEMM\IdeaProjects\widget-moinitor\widget-monitor\.storybook"
info => Loading 9 other files in "C:\Users\DISKAEMM\IdeaProjects\widget-moinitor\widget-monitor\.storybook"
info => Adding stories defined in "C:\Users\DISKAEMM\IdeaProjects\widget-moinitor\widget-monitor\.storybook\main.js"
info => Found custom tsconfig.json
info => Using implicit CSS loaders
info => Loading angular-cli config
info => Using angular project "widget-monitor:build" for configuring Storybook
info => Using angular-cli webpack config
info => Using default Webpack5 setup
<s> [webpack.Progress] 0% 

<s> [webpack.Progress] 1% setup initialize
<s> [webpack.Progress] 1% setup initialize HtmlWebpackPlugin
<s> [webpack.Progress] 1% setup initialize
<s> [webpack.Progress] 2% setup before run
<s> [webpack.Progress] 2% setup before run NodeEnvironmentPlugin
<s> [webpack.Progress] 2% setup before run
<s> [webpack.Progress] 3% setup run
<s> [webpack.Progress] 3% setup run fork-ts-checker-webpack-plugin
<s> [webpack.Progress] 3% setup run
<s> [webpack.Progress] 4% setup normal module factory
<s> [webpack.Progress] 4% setup normal module factory CaseSensitivePathsPlugin
<s> [webpack.Progress] 4% setup normal module factory
<s> [webpack.Progress] 5% setup context module factory
<s> [webpack.Progress] 5% setup context module factory ContextReplacementPlugin
<s> [webpack.Progress] 5% setup context module factory ContextReplacementPlugin
<s> [webpack.Progress] 5% setup context module factory
<s> [webpack.Progress] 6% setup before compile
<s> [webpack.Progress] 6% setup before compile ProgressPlugin
<s> [webpack.Progress] 6% setup before compile
<s> [webpack.Progress] 7% setup compile
<s> [webpack.Progress] 7% setup compile fork-ts-checker-webpack-plugin
Starting type checking service...
<s> [webpack.Progress] 7% setup compile ExternalsPlugin
<s> [webpack.Progress] 7% setup compile
<s> [webpack.Progress] 8% setup compilation
<s> [webpack.Progress] 8% setup compilation CopyPlugin
<s> [webpack.Progress] 8% setup compilation ArrayPushCallbackChunkFormatPlugin
<s> [webpack.Progress] 8% setup compilation JsonpChunkLoadingPlugin
<s> [webpack.Progress] 8% setup compilation StartupChunkDependenciesPlugin
<s> [webpack.Progress] 8% setup compilation ImportScriptsChunkLoadingPlugin
<s> [webpack.Progress] 8% setup compilation FetchCompileWasmPlugin
<s> [webpack.Progress] 8% setup compilation FetchCompileAsyncWasmPlugin
<s> [webpack.Progress] 8% setup compilation WorkerPlugin
<s> [webpack.Progress] 8% setup compilation SplitChunksPlugin
<s> [webpack.Progress] 8% setup compilation RuntimeChunkPlugin
<s> [webpack.Progress] 8% setup compilation ResolverCachePlugin
<s> [webpack.Progress] 8% setup compilation HtmlWebpackPlugin
<s> [webpack.Progress] 8% setup compilation
<s> [webpack.Progress] 9% setup compilation
<s> [webpack.Progress] 9% setup compilation AnyComponentStyleBudgetChecker
<s> [webpack.Progress] 9% setup compilation DedupeModuleResolvePlugin
<s> [webpack.Progress] 9% setup compilation DefinePlugin
<s> [webpack.Progress] 9% setup compilation ProgressPlugin
<s> [webpack.Progress] 9% setup compilation ChunkPrefetchPreloadPlugin
<s> [webpack.Progress] 9% setup compilation SourceMapDevToolPlugin
<s> [webpack.Progress] 9% setup compilation JavascriptModulesPlugin
<s> [webpack.Progress] 9% setup compilation JsonModulesPlugin
<s> [webpack.Progress] 9% setup compilation AssetModulesPlugin
<s> [webpack.Progress] 9% setup compilation EntryPlugin
<s> [webpack.Progress] 9% setup compilation EntryPlugin
<s> [webpack.Progress] 9% setup compilation EntryPlugin
<s> [webpack.Progress] 9% setup compilation EntryPlugin
<s> [webpack.Progress] 9% setup compilation EntryPlugin
<s> [webpack.Progress] 9% setup compilation EntryPlugin
<s> [webpack.Progress] 9% setup compilation EntryPlugin
<s> [webpack.Progress] 9% setup compilation EntryPlugin
<s> [webpack.Progress] 9% setup compilation EntryPlugin
<s> [webpack.Progress] 9% setup compilation EntryPlugin
<s> [webpack.Progress] 9% setup compilation EntryPlugin
<s> [webpack.Progress] 9% setup compilation EntryPlugin
<s> [webpack.Progress] 9% setup compilation EntryPlugin
<s> [webpack.Progress] 9% setup compilation EntryPlugin
<s> [webpack.Progress] 9% setup compilation EntryPlugin
<s> [webpack.Progress] 9% setup compilation RuntimePlugin
<s> [webpack.Progress] 9% setup compilation InferAsyncModulesPlugin
<s> [webpack.Progress] 9% setup compilation DataUriPlugin
<s> [webpack.Progress] 9% setup compilation FileUriPlugin
<s> [webpack.Progress] 9% setup compilation CompatibilityPlugin
<s> [webpack.Progress] 9% setup compilation HarmonyModulesPlugin
<s> [webpack.Progress] 9% setup compilation AMDPlugin
<s> [webpack.Progress] 9% setup compilation RequireJsStuffPlugin
<s> [webpack.Progress] 9% setup compilation CommonJsPlugin
<s> [webpack.Progress] 9% setup compilation LoaderPlugin
<s> [webpack.Progress] 9% setup compilation LoaderPlugin
<s> [webpack.Progress] 9% setup compilation NodeStuffPlugin
<s> [webpack.Progress] 9% setup compilation APIPlugin
<s> [webpack.Progress] 9% setup compilation ExportsInfoApiPlugin
<s> [webpack.Progress] 9% setup compilation WebpackIsIncludedPlugin
<s> [webpack.Progress] 9% setup compilation ConstPlugin
<s> [webpack.Progress] 9% setup compilation UseStrictPlugin
<s> [webpack.Progress] 9% setup compilation RequireIncludePlugin
<s> [webpack.Progress] 9% setup compilation RequireEnsurePlugin
<s> [webpack.Progress] 9% setup compilation RequireContextPlugin
<s> [webpack.Progress] 9% setup compilation ImportPlugin
<s> [webpack.Progress] 9% setup compilation SystemPlugin
<s> [webpack.Progress] 9% setup compilation ImportMetaPlugin
<s> [webpack.Progress] 9% setup compilation URLPlugin
<s> [webpack.Progress] 9% setup compilation DefaultStatsFactoryPlugin
<s> [webpack.Progress] 9% setup compilation DefaultStatsPresetPlugin
<s> [webpack.Progress] 9% setup compilation DefaultStatsPrinterPlugin
<s> [webpack.Progress] 9% setup compilation JavascriptMetaInfoPlugin
<s> [webpack.Progress] 9% setup compilation EnsureChunkConditionsPlugin
<s> [webpack.Progress] 9% setup compilation RemoveEmptyChunksPlugin
<s> [webpack.Progress] 9% setup compilation MergeDuplicateChunksPlugin
<s> [webpack.Progress] 9% setup compilation FlagIncludedChunksPlugin
<s> [webpack.Progress] 9% setup compilation SideEffectsFlagPlugin
<s> [webpack.Progress] 9% setup compilation FlagDependencyExportsPlugin
<s> [webpack.Progress] 9% setup compilation FlagDependencyUsagePlugin
<s> [webpack.Progress] 9% setup compilation InnerGraphPlugin
<s> [webpack.Progress] 9% setup compilation MangleExportsPlugin
<s> [webpack.Progress] 9% setup compilation ModuleConcatenationPlugin
<s> [webpack.Progress] 9% setup compilation NoEmitOnErrorsPlugin
<s> [webpack.Progress] 9% setup compilation RealContentHashPlugin
<s> [webpack.Progress] 9% setup compilation WasmFinalizeExportsPlugin
<s> [webpack.Progress] 9% setup compilation DeterministicModuleIdsPlugin
<s> [webpack.Progress] 9% setup compilation DeterministicChunkIdsPlugin
<s> [webpack.Progress] 9% setup compilation DefinePlugin
<s> [webpack.Progress] 9% setup compilation TerserPlugin
<s> [webpack.Progress] 9% setup compilation TemplatedPathPlugin
<s> [webpack.Progress] 9% setup compilation RecordIdsPlugin
<s> [webpack.Progress] 9% setup compilation WarnCaseSensitiveModulesPlugin
<s> [webpack.Progress] 9% setup compilation IgnoreWarningsPlugin
<s> [webpack.Progress] 9% setup compilation
<s> [webpack.Progress] 10% building
<s> [webpack.Progress] 10% building 0/1 entries 0/0 dependencies 0/0 modules
<s> [webpack.Progress] 10% building import loader ./node_modules/babel-loader/lib/index.js
<s> [webpack.Progress] 10% building 0/15 entries 14/15 dependencies 0/14 modules
<s> [webpack.Progress] 10% building 0/15 entries 14/16 dependencies 0/14 modules
<s> [webpack.Progress] 10% building import loader ./node_modules/style-loader/dist/cjs.js
<s> [webpack.Progress] 10% building import loader ./node_modules/css-loader/dist/cjs.js
<s> [webpack.Progress] 10% building import loader ./node_modules/postcss-loader/dist/cjs.js
<s> [webpack.Progress] 10% building import loader ./node_modules/resolve-url-loader/index.js
<s> [webpack.Progress] 10% building import loader ./node_modules/sass-loader/dist/cjs.js
<s> [webpack.Progress] 10% building 0/15 entries 15/42 dependencies 0/15 modules
<s> [webpack.Progress] 10% building 0/15 entries 54/100 dependencies 8/46 modules
<s> [webpack.Progress] 13% building 1/15 entries 165/228 dependencies 15/93 modules
<s> [webpack.Progress] 13% building import loader ./node_modules/@mdx-js/loader/index.js
<s> [webpack.Progress] 13% building 1/15 entries 487/573 dependencies 19/213 modules
<s> [webpack.Progress] 13% building import loader ./node_modules/ts-loader/index.js
<s> [webpack.Progress] 13% building import loader ./node_modules/@storybook/angular/dist/ts3.9/server/ngx-template-loader/index.js
<s> [webpack.Progress] 13% building import loader ./node_modules/@storybook/source-loader/dist/cjs/index.js
<s> [webpack.Progress] 13% building 1/15 entries 521/573 dependencies 19/235 modules
<s> [webpack.Progress] 13% building 1/15 entries 558/700 dependencies 21/265 modules
[BABEL] Note: The code generator has deoptimised the styling of C:\Users\DISKAEMM\IdeaProjects\widget-moinitor\widget-monitor\node_modules\prettier\standalone.js as it exceeds the max of 500KB.
<s> [webpack.Progress] 13% building 1/15 entries 700/919 dependencies 25/272 modules
<s> [webpack.Progress] 13% building 1/15 entries 1357/1500 dependencies 102/385 modules
<s> [webpack.Progress] 13% building 1/15 entries 1660/1800 dependencies 237/448 modules
<s> [webpack.Progress] 13% building import loader ./node_modules/raw-loader/dist/cjs.js
<s> [webpack.Progress] 13% building 1/15 entries 2050/2116 dependencies 305/524 modules
<s> [webpack.Progress] 13% building 1/15 entries 2300/2438 dependencies 321/580 modules
<s> [webpack.Progress] 13% building 1/15 entries 2795/2836 dependencies 351/800 modules
<s> [webpack.Progress] 14% building 1/15 entries 3095/3200 dependencies 426/866 modules
<s> [webpack.Progress] 15% building 1/15 entries 3349/3400 dependencies 518/915 modules
<s> [webpack.Progress] 17% building 1/15 entries 3700/3769 dependencies 686/998 modules
<s> [webpack.Progress] 17% building 1/15 entries 3740/3830 dependencies 700/1015 modules
<s> [webpack.Progress] 19% building 2/15 entries 4330/4427 dependencies 864/1128 modules
<s> [webpack.Progress] 22% building 2/15 entries 4862/4900 dependencies 1092/1265 modules
<s> [webpack.Progress] 22% building 3/15 entries 4985/5030 dependencies 1143/1280 modules
<s> [webpack.Progress] 24% building 4/15 entries 4985/5030 dependencies 1144/1280 modules
<s> [webpack.Progress] 28% building 5/15 entries 4985/5030 dependencies 1145/1280 modules
<s> [webpack.Progress] 32% building 6/15 entries 4985/5030 dependencies 1146/1280 modules
<s> [webpack.Progress] 35% building 7/15 entries 4985/5030 dependencies 1147/1280 modules
<s> [webpack.Progress] 39% building 8/15 entries 4985/5030 dependencies 1148/1280 modules
<s> [webpack.Progress] 43% building 9/15 entries 4985/5030 dependencies 1149/1280 modules
<s> [webpack.Progress] 46% building 10/15 entries 4985/5030 dependencies 1150/1280 modules
<s> [webpack.Progress] 50% building 11/15 entries 4985/5030 dependencies 1151/1280 modules
<s> [webpack.Progress] 54% building 12/15 entries 5478/5481 dependencies 1370/1416 modules
<s> [webpack.Progress] 57% building 13/15 entries 5511/5513 dependencies 1409/1428 modules
<s> [webpack.Progress] 61% building 14/15 entries 5511/5513 dependencies 1410/1428 modules
<s> [webpack.Progress] 65% building 15/15 entries 5515/5515 dependencies 1428/1428 modules
<s> [webpack.Progress] 65% building
<s> [webpack.Progress] 69% building finish
<s> [webpack.Progress] 69% building finish
<s> [webpack.Progress] 70% sealing finish module graph
<s> [webpack.Progress] 70% sealing finish module graph ResolverCachePlugin
<s> [webpack.Progress] 70% sealing finish module graph InferAsyncModulesPlugin
<s> [webpack.Progress] 70% sealing finish module graph FlagDependencyExportsPlugin
<s> [webpack.Progress] 70% sealing finish module graph InnerGraphPlugin
<s> [webpack.Progress] 70% sealing finish module graph WasmFinalizeExportsPlugin
<s> [webpack.Progress] 70% sealing finish module graph
<s> [webpack.Progress] 70% sealing plugins
<s> [webpack.Progress] 70% sealing plugins WarnCaseSensitiveModulesPlugin
<s> [webpack.Progress] 70% sealing plugins
<s> [webpack.Progress] 71% sealing dependencies optimization
<s> [webpack.Progress] 71% sealing dependencies optimization SideEffectsFlagPlugin
<s> [webpack.Progress] 71% sealing dependencies optimization FlagDependencyUsagePlugin
<s> [webpack.Progress] 71% sealing dependencies optimization
<s> [webpack.Progress] 71% sealing after dependencies optimization
<s> [webpack.Progress] 71% sealing after dependencies optimization
<s> [webpack.Progress] 72% sealing chunk graph
<s> [webpack.Progress] 72% sealing chunk graph
<s> [webpack.Progress] 73% sealing after chunk graph
<s> [webpack.Progress] 73% sealing after chunk graph
<s> [webpack.Progress] 73% sealing optimizing
<s> [webpack.Progress] 73% sealing optimizing
<s> [webpack.Progress] 74% sealing module optimization
<s> [webpack.Progress] 74% sealing module optimization
<s> [webpack.Progress] 75% sealing after module optimization
<s> [webpack.Progress] 75% sealing after module optimization
<s> [webpack.Progress] 75% sealing chunk optimization
<s> [webpack.Progress] 75% sealing chunk optimization EnsureChunkConditionsPlugin
<s> [webpack.Progress] 75% sealing chunk optimization RemoveEmptyChunksPlugin
<s> [webpack.Progress] 75% sealing chunk optimization MergeDuplicateChunksPlugin
<s> [webpack.Progress] 75% sealing chunk optimization SplitChunksPlugin
<s> [webpack.Progress] 75% sealing chunk optimization RemoveEmptyChunksPlugin
<s> [webpack.Progress] 75% sealing chunk optimization
<s> [webpack.Progress] 76% sealing after chunk optimization
<s> [webpack.Progress] 76% sealing after chunk optimization
<s> [webpack.Progress] 77% sealing module and chunk tree optimization
<s> [webpack.Progress] 77% sealing module and chunk tree optimization PersistentChildCompilerSingletonPlugin
<s> [webpack.Progress] 77% sealing module and chunk tree optimization
<s> [webpack.Progress] 77% sealing after module and chunk tree optimization
<s> [webpack.Progress] 77% sealing after module and chunk tree optimization
<s> [webpack.Progress] 78% sealing chunk modules optimization
<s> [webpack.Progress] 78% sealing chunk modules optimization ModuleConcatenationPlugin
<s> [webpack.Progress] 78% sealing chunk modules optimization
<s> [webpack.Progress] 78% sealing after chunk modules optimization
<s> [webpack.Progress] 78% sealing after chunk modules optimization
<s> [webpack.Progress] 79% sealing module reviving
<s> [webpack.Progress] 79% sealing module reviving RecordIdsPlugin
<s> [webpack.Progress] 79% sealing module reviving
<s> [webpack.Progress] 80% sealing before module ids
<s> [webpack.Progress] 80% sealing before module ids
<s> [webpack.Progress] 80% sealing module ids
<s> [webpack.Progress] 80% sealing module ids DeterministicModuleIdsPlugin
<s> [webpack.Progress] 80% sealing module ids
<s> [webpack.Progress] 81% sealing module id optimization
<s> [webpack.Progress] 81% sealing module id optimization
<s> [webpack.Progress] 82% sealing module id optimization
<s> [webpack.Progress] 82% sealing module id optimization
<s> [webpack.Progress] 82% sealing chunk reviving
<s> [webpack.Progress] 82% sealing chunk reviving RecordIdsPlugin
<s> [webpack.Progress] 82% sealing chunk reviving
<s> [webpack.Progress] 83% sealing before chunk ids
<s> [webpack.Progress] 83% sealing before chunk ids
<s> [webpack.Progress] 84% sealing chunk ids
<s> [webpack.Progress] 84% sealing chunk ids DeterministicChunkIdsPlugin
<s> [webpack.Progress] 84% sealing chunk ids
<s> [webpack.Progress] 84% sealing chunk id optimization
<s> [webpack.Progress] 84% sealing chunk id optimization FlagIncludedChunksPlugin
<s> [webpack.Progress] 84% sealing chunk id optimization
<s> [webpack.Progress] 85% sealing after chunk id optimization
<s> [webpack.Progress] 85% sealing after chunk id optimization
<s> [webpack.Progress] 86% sealing record modules
<s> [webpack.Progress] 86% sealing record modules RecordIdsPlugin
<s> [webpack.Progress] 86% sealing record modules
<s> [webpack.Progress] 86% sealing record chunks
<s> [webpack.Progress] 86% sealing record chunks RecordIdsPlugin
<s> [webpack.Progress] 86% sealing record chunks
<s> [webpack.Progress] 87% sealing module hashing
<s> [webpack.Progress] 87% sealing module hashing
<s> [webpack.Progress] 87% sealing code generation
<s> [webpack.Progress] 87% sealing code generation
<s> [webpack.Progress] 88% sealing runtime requirements
<s> [webpack.Progress] 88% sealing runtime requirements
<s> [webpack.Progress] 89% sealing hashing
<s> [webpack.Progress] 89% sealing hashing
<s> [webpack.Progress] 89% sealing after hashing
<s> [webpack.Progress] 89% sealing after hashing
<s> [webpack.Progress] 90% sealing record hash
<s> [webpack.Progress] 90% sealing record hash
<s> [webpack.Progress] 91% sealing module assets processing
<s> [webpack.Progress] 91% sealing module assets processing
<s> [webpack.Progress] 91% sealing chunk assets processing
<s> [webpack.Progress] 91% sealing chunk assets processing
<s> [webpack.Progress] 92% sealing asset processing
<s> [webpack.Progress] 92% sealing asset processing copy-webpack-plugin
<s> [webpack.Progress] 92% sealing asset processing PersistentChildCompilerSingletonPlugin
<s> [webpack.Progress] 92% sealing asset processing TerserPlugin
<s> [webpack.Progress] 92% sealing asset processing SourceMapDevToolPlugin
<s> [webpack.Progress] 92% sealing asset processing SourceMapDevToolPlugin
<s> [webpack.Progress] 92% sealing asset processing SourceMapDevToolPlugin main.e23a517c.iframe.bundle.js generate SourceMap
<s> [webpack.Progress] 92% sealing asset processing SourceMapDevToolPlugin main.e23a517c.iframe.bundle.js generated SourceMap
<s> [webpack.Progress] 92% sealing asset processing SourceMapDevToolPlugin runtime~main.8a3f91c8.iframe.bundle.js generate SourceMap
<s> [webpack.Progress] 92% sealing asset processing SourceMapDevToolPlugin runtime~main.8a3f91c8.iframe.bundle.js generated SourceMap
<s> [webpack.Progress] 92% sealing asset processing SourceMapDevToolPlugin 844.4844dd1e.iframe.bundle.js generate SourceMap
<s> [webpack.Progress] 92% sealing asset processing SourceMapDevToolPlugin 844.4844dd1e.iframe.bundle.js generated SourceMap
<s> [webpack.Progress] 92% sealing asset processing SourceMapDevToolPlugin 913.446091a8.iframe.bundle.js generate SourceMap
<s> [webpack.Progress] 92% sealing asset processing SourceMapDevToolPlugin 913.446091a8.iframe.bundle.js generated SourceMap
<s> [webpack.Progress] 92% sealing asset processing SourceMapDevToolPlugin 881.714ed92f.iframe.bundle.js generate SourceMap
<s> [webpack.Progress] 92% sealing asset processing SourceMapDevToolPlugin 881.714ed92f.iframe.bundle.js generated SourceMap
<s> [webpack.Progress] 92% sealing asset processing SourceMapDevToolPlugin 459.b5167a1e.iframe.bundle.js generate SourceMap
<s> [webpack.Progress] 92% sealing asset processing SourceMapDevToolPlugin 459.b5167a1e.iframe.bundle.js generated SourceMap
<s> [webpack.Progress] 92% sealing asset processing SourceMapDevToolPlugin 331.3c58eaf4.iframe.bundle.js generate SourceMap
<s> [webpack.Progress] 92% sealing asset processing SourceMapDevToolPlugin 331.3c58eaf4.iframe.bundle.js generated SourceMap
<s> [webpack.Progress] 92% sealing asset processing SourceMapDevToolPlugin 586.883fdf48.iframe.bundle.js generate SourceMap
<s> [webpack.Progress] 92% sealing asset processing SourceMapDevToolPlugin 586.883fdf48.iframe.bundle.js generated SourceMap
<s> [webpack.Progress] 92% sealing asset processing SourceMapDevToolPlugin resolve sources
<s> [webpack.Progress] 92% sealing asset processing SourceMapDevToolPlugin
<s> [webpack.Progress] 92% sealing asset processing HtmlWebpackPlugin
<s> [webpack.Progress] 92% sealing asset processing HtmlWebpackPlugin
<s> [webpack.Progress] 92% sealing asset processing HtmlWebpackPlugin resolve sources
<s> [webpack.Progress] 92% sealing asset processing HtmlWebpackPlugin
<s> [webpack.Progress] 92% sealing asset processing RealContentHashPlugin
<s> [webpack.Progress] 92% sealing asset processing RealContentHashPlugin
<s> [webpack.Progress] 92% sealing asset processing RealContentHashPlugin main.01fcfff2.iframe.bundle.js generate SourceMap
<s> [webpack.Progress] 92% sealing asset processing RealContentHashPlugin main.01fcfff2.iframe.bundle.js generated SourceMap
<s> [webpack.Progress] 92% sealing asset processing RealContentHashPlugin runtime~main.6a8e2dfb.iframe.bundle.js generate SourceMap
<s> [webpack.Progress] 92% sealing asset processing RealContentHashPlugin runtime~main.6a8e2dfb.iframe.bundle.js generated SourceMap
<s> [webpack.Progress] 92% sealing asset processing RealContentHashPlugin 913.4519a29f.iframe.bundle.js generate SourceMap
<s> [webpack.Progress] 92% sealing asset processing RealContentHashPlugin 913.4519a29f.iframe.bundle.js generated SourceMap
<s> [webpack.Progress] 92% sealing asset processing RealContentHashPlugin 881.b9a4ae9b.iframe.bundle.js generate SourceMap
<s> [webpack.Progress] 92% sealing asset processing RealContentHashPlugin 881.b9a4ae9b.iframe.bundle.js generated SourceMap
<s> [webpack.Progress] 92% sealing asset processing RealContentHashPlugin 459.c28e6e40.iframe.bundle.js generate SourceMap
<s> [webpack.Progress] 92% sealing asset processing RealContentHashPlugin 459.c28e6e40.iframe.bundle.js generated SourceMap
<s> [webpack.Progress] 92% sealing asset processing RealContentHashPlugin 844.28796a8e.iframe.bundle.js generate SourceMap
<s> [webpack.Progress] 92% sealing asset processing RealContentHashPlugin 844.28796a8e.iframe.bundle.js generated SourceMap
<s> [webpack.Progress] 92% sealing asset processing RealContentHashPlugin 331.39110cca.iframe.bundle.js generate SourceMap
<s> [webpack.Progress] 92% sealing asset processing RealContentHashPlugin 331.39110cca.iframe.bundle.js generated SourceMap
<s> [webpack.Progress] 92% sealing asset processing RealContentHashPlugin 586.ada8c87b.iframe.bundle.js generate SourceMap
<s> [webpack.Progress] 92% sealing asset processing RealContentHashPlugin 586.ada8c87b.iframe.bundle.js generated SourceMap
<s> [webpack.Progress] 92% sealing asset processing RealContentHashPlugin resolve sources
<s> [webpack.Progress] 92% sealing asset processing RealContentHashPlugin
<s> [webpack.Progress] 92% sealing asset processing AnyComponentStyleBudgetChecker
<s> [webpack.Progress] 92% sealing asset processing
<s> [webpack.Progress] 93% sealing after asset optimization
<s> [webpack.Progress] 93% sealing after asset optimization
<s> [webpack.Progress] 93% sealing recording
<s> [webpack.Progress] 93% sealing recording
<s> [webpack.Progress] 94% sealing after seal
<s> [webpack.Progress] 94% sealing after seal
<s> [webpack.Progress] 95% emitting emit
<s> [webpack.Progress] 95% emitting emit fork-ts-checker-webpack-plugin
<s> [webpack.Progress] 95% emitting emit
<s> [webpack.Progress] 98% emitting after emit
<s> [webpack.Progress] 98% emitting after emit SizeLimitsPlugin
<s> [webpack.Progress] 98% emitting after emit
<s> [webpack.Progress] 99% done plugins
<s> [webpack.Progress] 99% done plugins CaseSensitivePathsPlugin
<s> [webpack.Progress] 99% done plugins fork-ts-checker-webpack-plugin
<s> [webpack.Progress] 99% done plugins fork-ts-checker-webpack-plugin
<s> [webpack.Progress] 99% done plugins
<s> [webpack.Progress] 99% 

<s> [webpack.Progress] 99% cache store build dependencies
<s> [webpack.Progress] 99% cache store build dependencies
<s> [webpack.Progress] 99% cache begin idle
<s> [webpack.Progress] 99% cache begin idle
<s> [webpack.Progress] 100% 

info => Preview built (58 s)
WARN System.import() is deprecated and will be removed soon. Use import() instead.
WARN For more info visit https://webpack.js.org/guides/code-splitting/
WARN System.import() is deprecated and will be removed soon. Use import() instead.
WARN For more info visit https://webpack.js.org/guides/code-splitting/
WARN asset size limit: The following asset(s) exceed the recommended size limit (244 KiB).
WARN This can impact web performance.
WARN Assets: 
WARN   main.01fcfff2.iframe.bundle.js (303 KiB)
WARN   586.ada8c87b.iframe.bundle.js (3.92 MiB)
WARN entrypoint size limit: The following entrypoint(s) combined asset size exceeds the recommended limit (244 KiB). This can impact web performance.
WARN Entrypoints:
WARN   main (4.22 MiB)
WARN       runtime~main.6a8e2dfb.iframe.bundle.js
WARN       586.ada8c87b.iframe.bundle.js
WARN       main.01fcfff2.iframe.bundle.js
WARN 
<s> [webpack.Progress] 99% cache shutdown
<s> [webpack.Progress] 99% cache shutdown
<s> [webpack.Progress] 100% 

info => Output directory: C:\\Users\\DISKAEMM\\AppData\\Local\\Temp\\chromatic--10692-7x2kyuGIvfQm
